<?xml version="1.0" encoding="UTF-8"?>
<!-- Generated by org.testng.reporters.JUnitReportReporter -->
<testsuite hostname="LAPTOP-8MD4I2BD" failures="0" tests="1" name="RestTest.getCall" time="2.493" errors="0" timestamp="2025-07-09T14:39:34 IST" skipped="0">
  <testcase classname="RestTest.getCall" name="getTeamDetails" time="2.493"/>
</testsuite> <!-- RestTest.getCall -->
