<?xml version="1.0" encoding="UTF-8"?>
<!-- Generated by org.testng.reporters.JUnitReportReporter -->
<testsuite hostname="LAPTOP-8MD4I2BD" failures="1" tests="1" name="RestTest.getCall" time="3.030" errors="0" timestamp="2025-07-09T20:38:52 IST" skipped="0">
  <testcase classname="RestTest.getCall" name="getTeamDetails" time="3.030">
    <failure message="1 expectation failed.
Expected header &quot;Content-Length&quot; was not &quot;7941&quot;, was &quot;5917&quot;. Headers are:
Date=Wed, 09 Jul 2025 15:08:52 GMT
Content-Type=application/json; charset=utf-8
Content-Length=5917
Connection=keep-alive
CF-RAY=95c8bd37dcc62edc-BOM
Content-Encoding=gzip
Vary=Accept-Encoding
X-Powered-By=PHP/7.4.33
Access-Control-Allow-Origin=*
Access-Control-Allow-Headers=Origin, X-Requested-With, Content-Type, Accept, X_API_KEY, OPTION, OPTIONS, XMLHttpRequest
Access-Control-Allow-Methods=GET, PUT, POST, DELETE, OPTIONS
Access-Control-Max-Age=1000
cf-cache-status=DYNAMIC
Report-To={&quot;endpoints&quot;:[{&quot;url&quot;:&quot;https:\/\/a.nel.cloudflare.com\/report\/v4?s=zGePB8hFxagYO25WPIF2Yuzxk7VUlJ93pY5pF32S0L4T6YoyHWx7XC590v%2FHXrrYQxoOh7UQNTZ7PXIdqLaFi66jPhou4ssALAbAhPdi3mc5gKo7RQ3oq5E5bPaDZ5vYHyEzTsU%3D&quot;}],&quot;group&quot;:&quot;cf-nel&quot;,&quot;max_age&quot;:604800}
NEL={&quot;success_fraction&quot;:0,&quot;report_to&quot;:&quot;cf-nel&quot;,&quot;max_age&quot;:604800}
Server=cloudflare
alt-svc=h3=&quot;:443&quot;; ma=86400
server-timing=cfL4;desc=&quot;?proto=TCP&amp;rtt=97480&amp;min_rtt=80087&amp;rtt_var=42456&amp;sent=7&amp;recv=7&amp;lost=0&amp;retrans=0&amp;sent_bytes=3123&amp;recv_bytes=798&amp;delivery_rate=52892&amp;cwnd=123&amp;unsent_bytes=0&amp;cid=04387b577262478d&amp;ts=835&amp;x=0&quot;
" type="java.lang.AssertionError">
      <![CDATA[java.lang.AssertionError: 1 expectation failed.
Expected header "Content-Length" was not "7941", was "5917". Headers are:
Date=Wed, 09 Jul 2025 15:08:52 GMT
Content-Type=application/json; charset=utf-8
Content-Length=5917
Connection=keep-alive
CF-RAY=95c8bd37dcc62edc-BOM
Content-Encoding=gzip
Vary=Accept-Encoding
X-Powered-By=PHP/7.4.33
Access-Control-Allow-Origin=*
Access-Control-Allow-Headers=Origin, X-Requested-With, Content-Type, Accept, X_API_KEY, OPTION, OPTIONS, XMLHttpRequest
Access-Control-Allow-Methods=GET, PUT, POST, DELETE, OPTIONS
Access-Control-Max-Age=1000
cf-cache-status=DYNAMIC
Report-To={"endpoints":[{"url":"https:\/\/a.nel.cloudflare.com\/report\/v4?s=zGePB8hFxagYO25WPIF2Yuzxk7VUlJ93pY5pF32S0L4T6YoyHWx7XC590v%2FHXrrYQxoOh7UQNTZ7PXIdqLaFi66jPhou4ssALAbAhPdi3mc5gKo7RQ3oq5E5bPaDZ5vYHyEzTsU%3D"}],"group":"cf-nel","max_age":604800}
NEL={"success_fraction":0,"report_to":"cf-nel","max_age":604800}
Server=cloudflare
alt-svc=h3=":443"; ma=86400
server-timing=cfL4;desc="?proto=TCP&rtt=97480&min_rtt=80087&rtt_var=42456&sent=7&recv=7&lost=0&retrans=0&sent_bytes=3123&recv_bytes=798&delivery_rate=52892&cwnd=123&unsent_bytes=0&cid=04387b577262478d&ts=835&x=0"

at java.base/jdk.internal.reflect.DirectConstructorHandleAccessor.newInstance(DirectConstructorHandleAccessor.java:62)
at java.base/java.lang.reflect.Constructor.newInstanceWithCaller(Constructor.java:502)
at java.base/java.lang.reflect.Constructor.newInstance(Constructor.java:486)
at org.codehaus.groovy.reflection.CachedConstructor.invoke(CachedConstructor.java:73)
at org.codehaus.groovy.runtime.callsite.ConstructorSite$ConstructorSiteNoUnwrapNoCoerce.callConstructor(ConstructorSite.java:108)
at org.codehaus.groovy.runtime.callsite.CallSiteArray.defaultCallConstructor(CallSiteArray.java:57)
at org.codehaus.groovy.runtime.callsite.AbstractCallSite.callConstructor(AbstractCallSite.java:263)
at org.codehaus.groovy.runtime.callsite.AbstractCallSite.callConstructor(AbstractCallSite.java:277)
at io.restassured.internal.ResponseSpecificationImpl$HamcrestAssertionClosure.validate(ResponseSpecificationImpl.groovy:512)
at io.restassured.internal.ResponseSpecificationImpl$HamcrestAssertionClosure$validate$1.call(Unknown Source)
at io.restassured.internal.ResponseSpecificationImpl.validateResponseIfRequired(ResponseSpecificationImpl.groovy:696)
at io.restassured.internal.ResponseSpecificationImpl.this$2$validateResponseIfRequired(ResponseSpecificationImpl.groovy)
at java.base/jdk.internal.reflect.DirectMethodHandleAccessor.invoke(DirectMethodHandleAccessor.java:103)
at java.base/java.lang.reflect.Method.invoke(Method.java:580)
at org.codehaus.groovy.runtime.callsite.PlainObjectMetaMethodSite.doInvoke(PlainObjectMetaMethodSite.java:43)
at org.codehaus.groovy.runtime.callsite.PogoMetaMethodSite$PogoCachedMethodSiteNoUnwrapNoCoerce.invoke(PogoMetaMethodSite.java:198)
at org.codehaus.groovy.runtime.callsite.PogoMetaMethodSite.callCurrent(PogoMetaMethodSite.java:62)
at org.codehaus.groovy.runtime.callsite.CallSiteArray.defaultCallCurrent(CallSiteArray.java:49)
at org.codehaus.groovy.runtime.callsite.AbstractCallSite.callCurrent(AbstractCallSite.java:171)
at org.codehaus.groovy.runtime.callsite.AbstractCallSite.callCurrent(AbstractCallSite.java:185)
at io.restassured.internal.ResponseSpecificationImpl.header(ResponseSpecificationImpl.groovy:191)
at io.restassured.internal.ValidatableResponseOptionsImpl.header(ValidatableResponseOptionsImpl.java:114)
at RestTest.getCall.getTeamDetails(getCall.java:44)
at java.base/jdk.internal.reflect.DirectMethodHandleAccessor.invoke(DirectMethodHandleAccessor.java:103)
at java.base/java.lang.reflect.Method.invoke(Method.java:580)
at org.testng.internal.invokers.MethodInvocationHelper.invokeMethod(MethodInvocationHelper.java:141)
at org.testng.internal.invokers.TestInvoker.invokeMethod(TestInvoker.java:687)
at org.testng.internal.invokers.TestInvoker.invokeTestMethod(TestInvoker.java:230)
at org.testng.internal.invokers.MethodRunner.runInSequence(MethodRunner.java:63)
at org.testng.internal.invokers.TestInvoker$MethodInvocationAgent.invoke(TestInvoker.java:995)
at org.testng.internal.invokers.TestInvoker.invokeTestMethods(TestInvoker.java:203)
at org.testng.internal.invokers.TestMethodWorker.invokeTestMethods(TestMethodWorker.java:154)
at org.testng.internal.invokers.TestMethodWorker.run(TestMethodWorker.java:134)
at java.base/java.util.ArrayList.forEach(ArrayList.java:1596)
at org.testng.TestRunner.privateRun(TestRunner.java:741)
at org.testng.TestRunner.run(TestRunner.java:616)
at org.testng.SuiteRunner.runTest(SuiteRunner.java:421)
at org.testng.SuiteRunner.runSequentially(SuiteRunner.java:413)
at org.testng.SuiteRunner.privateRun(SuiteRunner.java:373)
at org.testng.SuiteRunner.run(SuiteRunner.java:312)
at org.testng.SuiteRunnerWorker.runSuite(SuiteRunnerWorker.java:52)
at org.testng.SuiteRunnerWorker.run(SuiteRunnerWorker.java:95)
at org.testng.TestNG.runSuitesSequentially(TestNG.java:1274)
at org.testng.TestNG.runSuitesLocally(TestNG.java:1208)
at org.testng.TestNG.runSuites(TestNG.java:1112)
at org.testng.TestNG.run(TestNG.java:1079)
at org.testng.remote.AbstractRemoteTestNG.run(AbstractRemoteTestNG.java:115)
at org.testng.remote.RemoteTestNG.initAndRun(RemoteTestNG.java:293)
at org.testng.remote.RemoteTestNG.main(RemoteTestNG.java:91)
]]>
    </failure>
  </testcase> <!-- getTeamDetails -->
</testsuite> <!-- RestTest.getCall -->
